INFO    : Building target web
INFO    : XSL conversion of /home/lshriver/Desktop/Scriber-Labs/zettelkasten/source/main.ptx by /home/lshriver/.ptx/2.30.2/core/xsl/utilities/pretext-enhanced-source.xsl
INFO    : successful application of /home/lshriver/.ptx/2.30.2/core/xsl/utilities/pretext-enhanced-source.xsl
INFO    : Generating any needed assets.
INFO    : XSL conversion of /home/lshriver/Desktop/Scriber-Labs/zettelkasten/source/main.ptx by /home/lshriver/.ptx/2.30.2/core/xsl/utilities/pretext-enhanced-source.xsl
INFO    : successful application of /home/lshriver/.ptx/2.30.2/core/xsl/utilities/pretext-enhanced-source.xsl
INFO    : XSL conversion of /home/lshriver/Desktop/Scriber-Labs/zettelkasten/source/main.ptx by /home/lshriver/.ptx/2.30.2/core/xsl/utilities/pretext-enhanced-source.xsl
INFO    : successful application of /home/lshriver/.ptx/2.30.2/core/xsl/utilities/pretext-enhanced-source.xsl
INFO    : XSL conversion of /home/lshriver/Desktop/Scriber-Labs/zettelkasten/source/main.ptx by /home/lshriver/.ptx/2.30.2/core/xsl/utilities/pretext-enhanced-source.xsl
INFO    : successful application of /home/lshriver/.ptx/2.30.2/core/xsl/utilities/pretext-enhanced-source.xsl
INFO    : XSL conversion of /home/lshriver/Desktop/Scriber-Labs/zettelkasten/source/main.ptx by /home/lshriver/.ptx/2.30.2/core/xsl/utilities/pretext-enhanced-source.xsl
INFO    : successful application of /home/lshriver/.ptx/2.30.2/core/xsl/utilities/pretext-enhanced-source.xsl
INFO    : XSL conversion of /home/lshriver/Desktop/Scriber-Labs/zettelkasten/source/main.ptx by /home/lshriver/.ptx/2.30.2/core/xsl/utilities/pretext-enhanced-source.xsl
INFO    : successful application of /home/lshriver/.ptx/2.30.2/core/xsl/utilities/pretext-enhanced-source.xsl
INFO    : XSL conversion of /home/lshriver/Desktop/Scriber-Labs/zettelkasten/source/main.ptx by /home/lshriver/.ptx/2.30.2/core/xsl/utilities/pretext-enhanced-source.xsl
INFO    : successful application of /home/lshriver/.ptx/2.30.2/core/xsl/utilities/pretext-enhanced-source.xsl
INFO    : XSL conversion of /home/lshriver/Desktop/Scriber-Labs/zettelkasten/source/main.ptx by /home/lshriver/.ptx/2.30.2/core/xsl/utilities/pretext-enhanced-source.xsl
INFO    : successful application of /home/lshriver/.ptx/2.30.2/core/xsl/utilities/pretext-enhanced-source.xsl
INFO    : XSL conversion of /home/lshriver/Desktop/Scriber-Labs/zettelkasten/source/main.ptx by /home/lshriver/.ptx/2.30.2/core/xsl/utilities/pretext-enhanced-source.xsl
INFO    : successful application of /home/lshriver/.ptx/2.30.2/core/xsl/utilities/pretext-enhanced-source.xsl
INFO    : XSL conversion of /home/lshriver/Desktop/Scriber-Labs/zettelkasten/source/main.ptx by /home/lshriver/.ptx/2.30.2/core/xsl/utilities/pretext-enhanced-source.xsl
INFO    : successful application of /home/lshriver/.ptx/2.30.2/core/xsl/utilities/pretext-enhanced-source.xsl
INFO    : XSL conversion of /home/lshriver/Desktop/Scriber-Labs/zettelkasten/source/main.ptx by /home/lshriver/.ptx/2.30.2/core/xsl/utilities/pretext-enhanced-source.xsl
INFO    : successful application of /home/lshriver/.ptx/2.30.2/core/xsl/utilities/pretext-enhanced-source.xsl
INFO    : XSL conversion of /home/lshriver/Desktop/Scriber-Labs/zettelkasten/source/main.ptx by /home/lshriver/.ptx/2.30.2/core/xsl/utilities/pretext-enhanced-source.xsl
INFO    : successful application of /home/lshriver/.ptx/2.30.2/core/xsl/utilities/pretext-enhanced-source.xsl
INFO    : XSL conversion of /home/lshriver/Desktop/Scriber-Labs/zettelkasten/source/main.ptx by /home/lshriver/.ptx/2.30.2/core/xsl/utilities/pretext-enhanced-source.xsl
INFO    : successful application of /home/lshriver/.ptx/2.30.2/core/xsl/utilities/pretext-enhanced-source.xsl
INFO    : XSL conversion of /home/lshriver/Desktop/Scriber-Labs/zettelkasten/source/main.ptx by /home/lshriver/.ptx/2.30.2/core/xsl/utilities/pretext-enhanced-source.xsl
INFO    : successful application of /home/lshriver/.ptx/2.30.2/core/xsl/utilities/pretext-enhanced-source.xsl
INFO    : XSL conversion of /home/lshriver/Desktop/Scriber-Labs/zettelkasten/source/main.ptx by /home/lshriver/.ptx/2.30.2/core/xsl/utilities/pretext-enhanced-source.xsl
INFO    : successful application of /home/lshriver/.ptx/2.30.2/core/xsl/utilities/pretext-enhanced-source.xsl
INFO    : XSL conversion of /home/lshriver/Desktop/Scriber-Labs/zettelkasten/source/main.ptx by /home/lshriver/.ptx/2.30.2/core/xsl/utilities/pretext-enhanced-source.xsl
INFO    : successful application of /home/lshriver/.ptx/2.30.2/core/xsl/utilities/pretext-enhanced-source.xsl
INFO    : XSL conversion of /home/lshriver/Desktop/Scriber-Labs/zettelkasten/source/main.ptx by /home/lshriver/.ptx/2.30.2/core/xsl/utilities/pretext-enhanced-source.xsl
INFO    : successful application of /home/lshriver/.ptx/2.30.2/core/xsl/utilities/pretext-enhanced-source.xsl
INFO    : XSL conversion of /home/lshriver/Desktop/Scriber-Labs/zettelkasten/source/main.ptx by /home/lshriver/.ptx/2.30.2/core/xsl/utilities/pretext-enhanced-source.xsl
INFO    : successful application of /home/lshriver/.ptx/2.30.2/core/xsl/utilities/pretext-enhanced-source.xsl
INFO    : Finished generating assets.

INFO    : Preparing to build into /home/lshriver/Desktop/Scriber-Labs/zettelkasten/output/web.
INFO    : discovering source file's directory name: /home/lshriver/Desktop/Scriber-Labs/zettelkasten/source
INFO    : verifying and expanding input directory: /home/lshriver/Desktop/Scriber-Labs/zettelkasten/source/../generated-assets
INFO    : input directory expanded to absolute path: /home/lshriver/Desktop/Scriber-Labs/zettelkasten/generated-assets
INFO    : verifying and expanding input directory: /home/lshriver/Desktop/Scriber-Labs/zettelkasten/source/../assets
INFO    : input directory expanded to absolute path: /home/lshriver/Desktop/Scriber-Labs/zettelkasten/assets
INFO    : discovering source file's directory name: /home/lshriver/Desktop/Scriber-Labs/zettelkasten/source
INFO    : XSL conversion of /home/lshriver/Desktop/Scriber-Labs/zettelkasten/source/main.ptx by /home/lshriver/.ptx/2.30.2/core/xsl/utilities/report-publisher-variables.xsl
INFO    : successful application of /home/lshriver/.ptx/2.30.2/core/xsl/utilities/report-publisher-variables.xsl
INFO    : Downloading rs services file from https://runestone.academy/cdn/runestone/latest/webpack_static_imports.xml.
INFO    : Runestone Services via online CDN query: version 7.9.18
INFO    : Downloading Runestone Services, version 7.9.18
INFO    : Extracting Runestone Services from archive file
INFO    : Building custom css theme: theme-default-modern
INFO    : converting /home/lshriver/Desktop/Scriber-Labs/zettelkasten/source/main.ptx to HTML in /tmp/ptx-y39b4fo4
INFO    : XSL conversion of /home/lshriver/Desktop/Scriber-Labs/zettelkasten/source/main.ptx by /home/lshriver/.ptx/2.30.2/core/xsl/pretext-html.xsl
INFO    : messages from the log for XSL processing:
INFO    : * PTX:INFO:   checking all deprecated elements.
INFO    : successful application of /home/lshriver/.ptx/2.30.2/core/xsl/pretext-html.xsl
INFO    : Removing temporary directory /tmp/ptx-y39b4fo4
INFO    : Removing temporary directory /tmp/ptx-2zg5zbnr
INFO    : 
Finished build for target web. Run `pretext view web` to see the results.

INFO    : 
Success!  Built requested target(s) without errors.

INFO    : 
