INFO    : Building target web
INFO    : XSL conversion of /home/runner/workspace/source/main.ptx by /home/runner/.ptx/2.30.2/core/xsl/utilities/pretext-enhanced-source.xsl
INFO    : successful application of /home/runner/.ptx/2.30.2/core/xsl/utilities/pretext-enhanced-source.xsl
INFO    : Generating any needed assets.
INFO    : XSL conversion of /home/runner/workspace/source/main.ptx by /home/runner/.ptx/2.30.2/core/xsl/utilities/pretext-enhanced-source.xsl
INFO    : successful application of /home/runner/.ptx/2.30.2/core/xsl/utilities/pretext-enhanced-source.xsl
INFO    : XSL conversion of /home/runner/workspace/source/main.ptx by /home/runner/.ptx/2.30.2/core/xsl/utilities/pretext-enhanced-source.xsl
INFO    : successful application of /home/runner/.ptx/2.30.2/core/xsl/utilities/pretext-enhanced-source.xsl
INFO    : XSL conversion of /home/runner/workspace/source/main.ptx by /home/runner/.ptx/2.30.2/core/xsl/utilities/pretext-enhanced-source.xsl
INFO    : successful application of /home/runner/.ptx/2.30.2/core/xsl/utilities/pretext-enhanced-source.xsl
INFO    : XSL conversion of /home/runner/workspace/source/main.ptx by /home/runner/.ptx/2.30.2/core/xsl/utilities/pretext-enhanced-source.xsl
INFO    : successful application of /home/runner/.ptx/2.30.2/core/xsl/utilities/pretext-enhanced-source.xsl
INFO    : XSL conversion of /home/runner/workspace/source/main.ptx by /home/runner/.ptx/2.30.2/core/xsl/utilities/pretext-enhanced-source.xsl
INFO    : successful application of /home/runner/.ptx/2.30.2/core/xsl/utilities/pretext-enhanced-source.xsl
INFO    : XSL conversion of /home/runner/workspace/source/main.ptx by /home/runner/.ptx/2.30.2/core/xsl/utilities/pretext-enhanced-source.xsl
INFO    : successful application of /home/runner/.ptx/2.30.2/core/xsl/utilities/pretext-enhanced-source.xsl
INFO    : XSL conversion of /home/runner/workspace/source/main.ptx by /home/runner/.ptx/2.30.2/core/xsl/utilities/pretext-enhanced-source.xsl
INFO    : successful application of /home/runner/.ptx/2.30.2/core/xsl/utilities/pretext-enhanced-source.xsl
INFO    : XSL conversion of /home/runner/workspace/source/main.ptx by /home/runner/.ptx/2.30.2/core/xsl/utilities/pretext-enhanced-source.xsl
INFO    : successful application of /home/runner/.ptx/2.30.2/core/xsl/utilities/pretext-enhanced-source.xsl
INFO    : XSL conversion of /home/runner/workspace/source/main.ptx by /home/runner/.ptx/2.30.2/core/xsl/utilities/pretext-enhanced-source.xsl
INFO    : successful application of /home/runner/.ptx/2.30.2/core/xsl/utilities/pretext-enhanced-source.xsl
INFO    : XSL conversion of /home/runner/workspace/source/main.ptx by /home/runner/.ptx/2.30.2/core/xsl/utilities/pretext-enhanced-source.xsl
INFO    : successful application of /home/runner/.ptx/2.30.2/core/xsl/utilities/pretext-enhanced-source.xsl
INFO    : XSL conversion of /home/runner/workspace/source/main.ptx by /home/runner/.ptx/2.30.2/core/xsl/utilities/pretext-enhanced-source.xsl
INFO    : successful application of /home/runner/.ptx/2.30.2/core/xsl/utilities/pretext-enhanced-source.xsl
INFO    : XSL conversion of /home/runner/workspace/source/main.ptx by /home/runner/.ptx/2.30.2/core/xsl/utilities/pretext-enhanced-source.xsl
INFO    : successful application of /home/runner/.ptx/2.30.2/core/xsl/utilities/pretext-enhanced-source.xsl
INFO    : XSL conversion of /home/runner/workspace/source/main.ptx by /home/runner/.ptx/2.30.2/core/xsl/utilities/pretext-enhanced-source.xsl
INFO    : successful application of /home/runner/.ptx/2.30.2/core/xsl/utilities/pretext-enhanced-source.xsl
INFO    : XSL conversion of /home/runner/workspace/source/main.ptx by /home/runner/.ptx/2.30.2/core/xsl/utilities/pretext-enhanced-source.xsl
INFO    : successful application of /home/runner/.ptx/2.30.2/core/xsl/utilities/pretext-enhanced-source.xsl
INFO    : XSL conversion of /home/runner/workspace/source/main.ptx by /home/runner/.ptx/2.30.2/core/xsl/utilities/pretext-enhanced-source.xsl
INFO    : successful application of /home/runner/.ptx/2.30.2/core/xsl/utilities/pretext-enhanced-source.xsl
INFO    : XSL conversion of /home/runner/workspace/source/main.ptx by /home/runner/.ptx/2.30.2/core/xsl/utilities/pretext-enhanced-source.xsl
INFO    : successful application of /home/runner/.ptx/2.30.2/core/xsl/utilities/pretext-enhanced-source.xsl
INFO    : XSL conversion of /home/runner/workspace/source/main.ptx by /home/runner/.ptx/2.30.2/core/xsl/utilities/pretext-enhanced-source.xsl
INFO    : successful application of /home/runner/.ptx/2.30.2/core/xsl/utilities/pretext-enhanced-source.xsl
INFO    : Finished generating assets.

INFO    : Preparing to build into /home/runner/workspace/output/web.
INFO    : discovering source file's directory name: /home/runner/workspace/source
INFO    : verifying and expanding input directory: /home/runner/workspace/source/../generated-assets
INFO    : input directory expanded to absolute path: /home/runner/workspace/generated-assets
INFO    : verifying and expanding input directory: /home/runner/workspace/source/../assets
INFO    : input directory expanded to absolute path: /home/runner/workspace/assets
INFO    : discovering source file's directory name: /home/runner/workspace/source
INFO    : XSL conversion of /home/runner/workspace/source/main.ptx by /home/runner/.ptx/2.30.2/core/xsl/utilities/report-publisher-variables.xsl
INFO    : successful application of /home/runner/.ptx/2.30.2/core/xsl/utilities/report-publisher-variables.xsl
INFO    : Downloading rs services file from https://runestone.academy/cdn/runestone/latest/webpack_static_imports.xml.
INFO    : Runestone Services via online CDN query: version 7.9.18
INFO    : Downloading Runestone Services, version 7.9.18
INFO    : Extracting Runestone Services from archive file
INFO    : Building custom css theme: theme-default-modern
INFO    : converting /home/runner/workspace/source/main.ptx to HTML in /tmp/ptx-n8alzwat
INFO    : XSL conversion of /home/runner/workspace/source/main.ptx by /home/runner/.ptx/2.30.2/core/xsl/pretext-html.xsl
INFO    : messages from the log for XSL processing:
INFO    : * PTX:INFO:   checking all deprecated elements.
INFO    : successful application of /home/runner/.ptx/2.30.2/core/xsl/pretext-html.xsl
INFO    : Removing temporary directory /tmp/ptx-n8alzwat
INFO    : Removing temporary directory /tmp/ptx-cmmdvv_y
INFO    : 
Finished build for target web. Run `pretext view web` to see the results.

INFO    : 
Success!  Built requested target(s) without errors.

INFO    : 
